0 info it worked if it ends with ok
1 verbose cli [ 'C:\\Program Files\\nodejs\\node.exe',
1 verbose cli   'C:\\Users\\karl\\AppData\\Roaming\\npm\\node_modules\\npm\\bin\\npm-cli.js',
1 verbose cli   'run',
1 verbose cli   'start' ]
2 info using npm@4.0.5
3 info using node@v9.2.0
4 verbose run-script [ 'prestart', 'start', 'poststart' ]
5 info lifecycle elm-webpack-starter@0.8.6~prestart: elm-webpack-starter@0.8.6
6 silly lifecycle elm-webpack-starter@0.8.6~prestart: no script for prestart, continuing
7 info lifecycle elm-webpack-starter@0.8.6~start: elm-webpack-starter@0.8.6
8 verbose lifecycle elm-webpack-starter@0.8.6~start: unsafe-perm in lifecycle true
9 verbose lifecycle elm-webpack-starter@0.8.6~start: PATH: C:\Users\karl\AppData\Roaming\npm\node_modules\npm\bin\node-gyp-bin;C:\Users\karl\gdax-trade\static-elm\node_modules\.bin;C:\Go\bin;C:\Program Files (x86)\Skype\Phone\;C:\Program Files\nodejs\;C:\ProgramData\chocolatey\bin;C:\Users\karl\AppData\Roaming\local\bin;C:\Users\karl\AppData\Local\Programs\Python\Python36\Scripts\;C:\Users\karl\AppData\Local\Programs\Python\Python36\;C:\Program Files (x86)\Elm Platform\0.18\bin;C:\ProgramData\Oracle\Java\javapath;C:\Program Files\SICStus Prolog VC10 4.3.0\bin;C:\Program Files\MiKTeX 2.9\miktex\bin\x64\;C:\Windows\System32;C:\Program Files\gs\gs9.20\bin;C:\Program Files (x86)\xampp\php;C:\Program Files (x86)\PDFtk\bin\;C:\Program Files\Java\jdk1.8.0_76\bin;C:\ProgramData\ComposerSetup\bin;C:\Program Files\Git LFS;C:\Program Files\nodejs\;C:\Program Files (x86)\Go\bin;C:\Program Files\Intel\WiFi\bin\;C:\Program Files\Common Files\Intel\WirelessCommon\;C:\Users\karl\AppData\Local\Pandoc\;C:\Users\karl\AppData\Local\Programs\Git\cmd;C:\Program Files (x86)\pgAdmin III\1.22;C:\Program Files\Heroku\bin;C:\Users\karl\AppData\Roaming\Composer\vendor\bin;C:\Users\karl\AppData\Local\.meteor\;C:\qpdf;C:\cygwin64\bin;C:\Users\karl\AppData\Roaming\npm;C:\Program Files (x86)\Vim\vim80;C:\Program Files\Microsoft VS Code\bin;C:\Program Files\R\R-3.4.2\bin
10 verbose lifecycle elm-webpack-starter@0.8.6~start: CWD: C:\Users\karl\gdax-trade\static-elm
11 silly lifecycle elm-webpack-starter@0.8.6~start: Args: [ '/d /s /c', 'webpack-dev-server --hot --inline' ]
12 silly lifecycle elm-webpack-starter@0.8.6~start: Returned: code: 3221225786  signal: null
13 info lifecycle elm-webpack-starter@0.8.6~start: Failed to exec start script
14 verbose stack Error: elm-webpack-starter@0.8.6 start: `webpack-dev-server --hot --inline`
14 verbose stack Exit status 3221225786
14 verbose stack     at EventEmitter.<anonymous> (C:\Users\karl\AppData\Roaming\npm\node_modules\npm\lib\utils\lifecycle.js:279:16)
14 verbose stack     at EventEmitter.emit (events.js:159:13)
14 verbose stack     at ChildProcess.<anonymous> (C:\Users\karl\AppData\Roaming\npm\node_modules\npm\lib\utils\spawn.js:40:14)
14 verbose stack     at ChildProcess.emit (events.js:159:13)
14 verbose stack     at maybeClose (internal/child_process.js:943:16)
14 verbose stack     at Process.ChildProcess._handle.onexit (internal/child_process.js:220:5)
15 verbose pkgid elm-webpack-starter@0.8.6
16 verbose cwd C:\Users\karl\gdax-trade\static-elm
17 error Windows_NT 6.2.9200
18 error argv "C:\\Program Files\\nodejs\\node.exe" "C:\\Users\\karl\\AppData\\Roaming\\npm\\node_modules\\npm\\bin\\npm-cli.js" "run" "start"
19 error node v9.2.0
20 error npm  v4.0.5
21 error code ELIFECYCLE
22 error elm-webpack-starter@0.8.6 start: `webpack-dev-server --hot --inline`
22 error Exit status 3221225786
23 error Failed at the elm-webpack-starter@0.8.6 start script 'webpack-dev-server --hot --inline'.
23 error Make sure you have the latest version of node.js and npm installed.
23 error If you do, this is most likely a problem with the elm-webpack-starter package,
23 error not with npm itself.
23 error Tell the author that this fails on your system:
23 error     webpack-dev-server --hot --inline
23 error You can get information on how to open an issue for this project with:
23 error     npm bugs elm-webpack-starter
23 error Or if that isn't available, you can get their info via:
23 error     npm owner ls elm-webpack-starter
23 error There is likely additional logging output above.
24 verbose exit [ 1, true ]
